{
  "RSpec": {
    "coverage": {
      "/Users/vgsantoniazzi/Rails/yuph/app/models/category.rb": [
        1,
        1,
        1,
        null,
        1,
        1,
        1,
        null,
        1,
        2,
        1,
        null,
        1,
        null,
        null,
        null
      ],
      "/Users/vgsantoniazzi/Rails/yuph/spec/models/follow_spec.rb": [
        1,
        null,
        1,
        1,
        1,
        1,
        1,
        1,
        1,
        1,
        1,
        null,
        null,
        1,
        1,
        1,
        1,
        1,
        1,
        1,
        1,
        1,
        1,
        null,
        1,
        1,
        1,
        1,
        1,
        1,
        1,
        1,
        null,
        null,
        null
      ],
      "/Users/vgsantoniazzi/Rails/yuph/app/models/follow.rb": [
        1,
        1,
        1,
        null,
        1,
        1,
        null
      ],
      "/Users/vgsantoniazzi/Rails/yuph/spec/models/forum_spec.rb": [
        1,
        null,
        1,
        1,
        1,
        1,
        1,
        null,
        null,
        1,
        1,
        1,
        1,
        null,
        null,
        null
      ],
      "/Users/vgsantoniazzi/Rails/yuph/app/models/forum.rb": [
        1,
        1,
        1,
        null,
        1,
        null,
        1,
        2,
        1,
        null,
        1,
        null,
        null,
        null
      ],
      "/Users/vgsantoniazzi/Rails/yuph/spec/models/idea_admin_spec.rb": [
        1,
        null,
        1,
        1,
        1,
        1,
        1,
        1,
        1,
        1,
        1,
        1,
        1,
        1,
        null,
        1,
        1,
        1,
        1,
        null,
        null,
        null
      ],
      "/Users/vgsantoniazzi/Rails/yuph/app/models/idea_admin.rb": [
        1,
        1,
        1,
        null,
        1,
        1,
        null
      ],
      "/Users/vgsantoniazzi/Rails/yuph/spec/models/idea_comment_spec.rb": [
        1,
        null,
        1,
        1,
        1,
        1,
        1,
        null,
        1,
        1,
        1,
        null,
        1,
        1,
        1,
        null,
        1,
        1,
        1,
        null,
        null,
        1,
        1,
        1,
        1,
        1,
        1,
        null,
        1,
        1,
        1,
        null,
        null,
        null
      ],
      "/Users/vgsantoniazzi/Rails/yuph/app/models/idea_comment.rb": [
        1,
        1,
        1,
        null,
        1,
        1,
        1,
        1,
        null,
        1,
        4,
        3,
        null,
        1,
        null,
        null,
        null
      ],
      "/Users/vgsantoniazzi/Rails/yuph/spec/models/idea_spec.rb": [
        1,
        null,
        1,
        1,
        1,
        1,
        1,
        null,
        1,
        1,
        1,
        null,
        1,
        1,
        1,
        null,
        1,
        1,
        1,
        null,
        null,
        1,
        1,
        1,
        1,
        1,
        1,
        null,
        1,
        1,
        1,
        1,
        1,
        1,
        1,
        null,
        null,
        null
      ],
      "/Users/vgsantoniazzi/Rails/yuph/app/models/idea.rb": [
        1,
        1,
        1,
        1,
        1,
        1,
        null,
        1,
        null,
        1,
        1,
        1,
        1,
        null,
        1,
        2,
        1,
        null,
        1,
        null,
        null,
        null
      ],
      "/Users/vgsantoniazzi/Rails/yuph/spec/models/message_spec.rb": [
        1,
        null,
        1,
        1,
        1,
        1,
        1,
        null,
        1,
        1,
        1,
        null,
        1,
        1,
        1,
        null,
        1,
        1,
        1,
        null,
        null,
        1,
        1,
        1,
        1,
        1,
        1,
        null,
        1,
        1,
        1,
        null,
        1,
        1,
        1,
        1,
        1,
        1,
        1,
        null,
        null,
        null
      ],
      "/Users/vgsantoniazzi/Rails/yuph/app/models/message.rb": [
        1,
        1,
        1,
        null,
        1,
        1,
        1,
        1,
        null,
        1,
        3,
        2,
        null,
        1,
        null,
        null,
        null
      ],
      "/Users/vgsantoniazzi/Rails/yuph/spec/models/post_comment_spec.rb": [
        1,
        null,
        1,
        1,
        1,
        1,
        1,
        null,
        1,
        1,
        1,
        null,
        1,
        1,
        1,
        null,
        1,
        1,
        1,
        null,
        null,
        null
      ],
      "/Users/vgsantoniazzi/Rails/yuph/app/models/post_comment.rb": [
        1,
        1,
        1,
        null,
        1,
        1,
        1,
        1,
        null,
        1,
        4,
        3,
        null,
        1,
        null,
        null,
        null
      ],
      "/Users/vgsantoniazzi/Rails/yuph/spec/models/post_spec.rb": [
        1,
        null,
        1,
        1,
        1,
        1,
        1,
        null,
        1,
        1,
        1,
        null,
        1,
        1,
        1,
        null,
        1,
        1,
        1,
        null,
        null,
        null
      ],
      "/Users/vgsantoniazzi/Rails/yuph/app/models/post.rb": [
        1,
        1,
        1,
        1,
        null,
        1,
        1,
        1,
        1,
        null,
        1,
        4,
        3,
        null,
        1,
        null,
        null,
        null
      ],
      "/Users/vgsantoniazzi/Rails/yuph/spec/models/user_comment_spec.rb": [
        1,
        null,
        1,
        1,
        1,
        1,
        1,
        null,
        1,
        1,
        1,
        null,
        1,
        1,
        1,
        null,
        1,
        1,
        1,
        null,
        null,
        1,
        1,
        1,
        1,
        1,
        1,
        null,
        1,
        1,
        1,
        null,
        1,
        1,
        1,
        1,
        1,
        1,
        1,
        1,
        null,
        null,
        null
      ],
      "/Users/vgsantoniazzi/Rails/yuph/app/models/user_comment.rb": [
        1,
        1,
        1,
        null,
        1,
        1,
        1,
        1,
        null,
        1,
        3,
        2,
        null,
        1,
        null,
        null,
        null
      ],
      "/Users/vgsantoniazzi/Rails/yuph/spec/models/user_spec.rb": [
        1,
        null,
        1,
        1,
        1,
        1,
        1,
        null,
        1,
        1,
        1,
        null,
        1,
        1,
        1,
        null,
        null,
        1,
        1,
        1,
        1,
        null,
        1,
        1,
        1,
        null,
        1,
        1,
        1,
        null,
        null,
        1,
        1,
        1,
        1,
        null,
        1,
        1,
        1,
        null,
        null,
        1,
        1,
        1,
        1,
        1,
        null,
        null,
        1,
        1,
        2,
        null,
        1,
        1,
        1,
        null,
        1,
        1,
        1,
        null,
        null,
        1,
        1,
        21,
        21,
        21,
        21,
        21,
        21,
        21,
        21,
        21,
        21,
        21,
        21,
        21,
        21,
        21,
        21,
        21,
        21,
        null,
        1,
        1,
        1,
        1,
        1,
        null,
        1,
        1,
        1,
        null,
        1,
        1,
        1,
        null,
        1,
        1,
        1,
        null,
        1,
        1,
        1,
        null,
        1,
        1,
        1,
        null,
        1,
        1,
        1,
        null,
        1,
        1,
        1,
        null,
        1,
        1,
        1,
        null,
        1,
        1,
        1,
        null,
        1,
        1,
        1,
        1,
        null,
        null,
        1,
        1,
        1,
        1,
        null,
        1,
        1,
        1,
        null,
        1,
        1,
        1,
        null,
        1,
        1,
        1,
        1,
        null,
        1,
        1,
        1,
        1,
        1,
        null,
        1,
        1,
        1,
        1,
        1,
        null,
        1,
        1,
        1,
        1,
        null,
        1,
        1,
        1,
        1,
        null,
        1,
        1,
        1,
        1,
        null,
        1,
        1,
        1,
        1,
        null,
        null,
        null,
        null
      ],
      "/Users/vgsantoniazzi/Rails/yuph/app/models/user.rb": [
        1,
        1,
        null,
        1,
        1,
        null,
        1,
        1,
        null,
        1,
        1,
        1,
        1,
        1,
        1,
        1,
        null,
        1,
        1,
        1,
        null,
        1,
        83,
        null,
        null,
        1,
        2,
        null,
        null
      ]
    },
    "timestamp": 1377567541
  }
}
