{
  "RSpec": {
    "coverage": {
      "/Users/vgsantoniazzi/Rails/yuph/app/controllers/categories_controller.rb": [
        1,
        1,
        1,
        1,
        null,
        null,
        1,
        7,
        7,
        7,
        6,
        null,
        1,
        null,
        null,
        null,
        1,
        1,
        null,
        null,
        1,
        1,
        null,
        null,
        1,
        null,
        null,
        1,
        2,
        1,
        null,
        1,
        null,
        null,
        null,
        1,
        1,
        1,
        null,
        null,
        1,
        4,
        4,
        4,
        1,
        null,
        null,
        null,
        1,
        9,
        null,
        null,
        1,
        10,
        10,
        10,
        1,
        null,
        null,
        null,
        null,
        null
      ],
      "/Users/vgsantoniazzi/Rails/yuph/app/controllers/application_controller.rb": [
        1,
        1,
        1,
        null,
        1,
        110,
        null,
        1,
        105,
        null,
        null
      ],
      "/Users/vgsantoniazzi/Rails/yuph/spec/controllers/follows_controller_spec.rb": [
        1,
        null,
        1,
        1,
        1,
        8,
        8,
        8,
        null,
        1,
        1,
        1,
        1,
        null,
        1,
        1,
        1,
        null,
        null,
        1,
        1,
        1,
        1,
        null,
        null,
        1,
        1,
        1,
        null,
        null,
        1,
        1,
        1,
        1,
        1,
        1,
        1,
        1,
        1,
        null,
        1,
        1,
        1,
        1,
        1,
        null,
        null,
        1,
        1,
        1,
        1,
        1,
        1,
        null,
        null,
        null,
        1,
        1,
        1,
        1,
        1,
        1,
        1,
        1,
        null,
        null,
        null,
        null,
        null,
        null
      ],
      "/Users/vgsantoniazzi/Rails/yuph/app/controllers/follows_controller.rb": [
        1,
        1,
        1,
        null,
        null,
        1,
        7,
        7,
        7,
        6,
        null,
        1,
        null,
        null,
        null,
        1,
        1,
        null,
        null,
        1,
        1,
        null,
        null,
        1,
        null,
        null,
        1,
        2,
        1,
        null,
        1,
        null,
        null,
        null,
        1,
        1,
        1,
        null,
        null,
        1,
        4,
        4,
        4,
        1,
        null,
        null,
        1,
        9,
        null,
        null,
        null
      ],
      "/Users/vgsantoniazzi/Rails/yuph/spec/controllers/forum_controller_spec.rb": [
        1,
        null,
        1,
        1,
        1,
        7,
        7,
        7,
        null,
        1,
        1,
        1,
        1,
        null,
        1,
        1,
        1,
        1,
        1,
        1,
        null,
        null,
        1,
        1,
        1,
        1,
        1,
        1,
        null,
        null,
        null,
        1,
        1,
        1,
        1,
        1,
        1,
        1,
        1,
        1,
        null,
        null,
        1,
        1,
        1,
        1,
        1,
        1,
        1,
        1,
        null,
        null,
        null,
        1,
        1,
        1,
        1,
        1,
        1,
        1,
        1,
        1,
        1,
        null,
        null,
        1,
        1,
        1,
        1,
        null,
        null,
        null,
        null
      ],
      "/Users/vgsantoniazzi/Rails/yuph/app/controllers/forum_controller.rb": [
        1,
        1,
        1,
        null,
        1,
        null,
        1,
        5,
        5,
        5,
        5,
        null,
        null,
        1,
        null,
        1,
        null,
        null,
        1,
        1,
        null,
        null,
        1,
        null,
        null,
        1,
        1,
        1,
        null,
        null,
        1,
        1,
        1,
        null,
        null,
        1,
        6,
        6,
        6,
        1,
        null,
        null,
        null,
        1,
        3,
        3,
        3,
        1,
        null,
        null,
        1,
        6,
        null,
        null
      ],
      "/Users/vgsantoniazzi/Rails/yuph/spec/controllers/idea_admins_controller_spec.rb": [
        1,
        null,
        1,
        1,
        1,
        8,
        8,
        8,
        null,
        1,
        1,
        1,
        1,
        null,
        1,
        1,
        1,
        null,
        null,
        1,
        1,
        1,
        1,
        null,
        null,
        1,
        1,
        1,
        null,
        null,
        1,
        1,
        1,
        1,
        1,
        1,
        1,
        1,
        1,
        null,
        1,
        1,
        1,
        1,
        1,
        null,
        null,
        1,
        1,
        1,
        1,
        1,
        1,
        null,
        null,
        null,
        1,
        1,
        1,
        1,
        1,
        1,
        1,
        1,
        null,
        null,
        null,
        null,
        null,
        null
      ],
      "/Users/vgsantoniazzi/Rails/yuph/app/controllers/idea_admins_controller.rb": [
        1,
        1,
        1,
        null,
        null,
        1,
        7,
        7,
        7,
        6,
        null,
        1,
        null,
        null,
        null,
        1,
        1,
        null,
        null,
        1,
        1,
        null,
        null,
        1,
        null,
        null,
        1,
        2,
        1,
        null,
        1,
        null,
        null,
        null,
        1,
        1,
        1,
        null,
        null,
        1,
        4,
        4,
        4,
        1,
        null,
        null,
        1,
        9,
        null,
        null
      ],
      "/Users/vgsantoniazzi/Rails/yuph/spec/controllers/idea_comments_controller_spec.rb": [
        1,
        null,
        1,
        1,
        1,
        8,
        8,
        8,
        null,
        1,
        1,
        1,
        1,
        null,
        1,
        1,
        1,
        1,
        null,
        null,
        1,
        1,
        1,
        1,
        null,
        null,
        1,
        1,
        1,
        null,
        null,
        1,
        1,
        1,
        1,
        1,
        1,
        1,
        null,
        1,
        1,
        1,
        1,
        1,
        null,
        null,
        1,
        1,
        1,
        1,
        1,
        1,
        null,
        null,
        null,
        1,
        1,
        1,
        1,
        1,
        1,
        1,
        1,
        null,
        null,
        null,
        null,
        null
      ],
      "/Users/vgsantoniazzi/Rails/yuph/app/controllers/idea_comments_controller.rb": [
        1,
        1,
        1,
        null,
        null,
        1,
        7,
        7,
        7,
        6,
        null,
        1,
        null,
        null,
        null,
        1,
        1,
        null,
        null,
        1,
        1,
        null,
        null,
        1,
        null,
        null,
        1,
        2,
        1,
        null,
        1,
        null,
        null,
        null,
        1,
        1,
        1,
        null,
        null,
        1,
        4,
        4,
        4,
        1,
        null,
        null,
        1,
        9,
        null,
        null
      ],
      "/Users/vgsantoniazzi/Rails/yuph/spec/controllers/ideas_controller_spec.rb": [
        1,
        null,
        1,
        1,
        1,
        8,
        8,
        null,
        1,
        1,
        1,
        1,
        null,
        1,
        1,
        1,
        1,
        null,
        null,
        1,
        1,
        1,
        1,
        null,
        null,
        1,
        1,
        1,
        null,
        null,
        1,
        1,
        1,
        1,
        1,
        1,
        1,
        null,
        1,
        1,
        1,
        1,
        1,
        null,
        null,
        1,
        1,
        1,
        1,
        1,
        1,
        null,
        null,
        null,
        1,
        1,
        1,
        1,
        1,
        1,
        1,
        1,
        null,
        null,
        null,
        null,
        null
      ],
      "/Users/vgsantoniazzi/Rails/yuph/app/controllers/ideas_controller.rb": [
        1,
        1,
        1,
        null,
        1,
        7,
        7,
        7,
        7,
        6,
        null,
        1,
        null,
        null,
        null,
        1,
        1,
        null,
        null,
        1,
        1,
        null,
        null,
        1,
        null,
        null,
        1,
        2,
        1,
        null,
        1,
        null,
        null,
        null,
        1,
        1,
        1,
        null,
        null,
        1,
        4,
        4,
        4,
        1,
        null,
        null,
        1,
        9,
        null,
        null
      ],
      "/Users/vgsantoniazzi/Rails/yuph/spec/controllers/messages_controller_spec.rb": [
        1,
        null,
        1,
        1,
        1,
        7,
        7,
        7,
        null,
        null,
        1,
        1,
        1,
        1,
        null,
        null,
        1,
        1,
        1,
        1,
        null,
        null,
        1,
        1,
        1,
        null,
        null,
        null,
        1,
        1,
        1,
        1,
        1,
        1,
        1,
        null,
        1,
        1,
        1,
        1,
        1,
        1,
        1,
        null,
        null,
        1,
        1,
        1,
        1,
        1,
        1,
        null,
        null,
        null,
        1,
        1,
        1,
        1,
        1,
        1,
        1,
        1,
        null,
        null,
        null,
        null,
        null
      ],
      "/Users/vgsantoniazzi/Rails/yuph/app/controllers/messages_controller.rb": [
        1,
        1,
        1,
        null,
        1,
        6,
        6,
        6,
        5,
        null,
        1,
        null,
        null,
        null,
        1,
        null,
        null,
        1,
        1,
        null,
        null,
        1,
        null,
        null,
        1,
        2,
        1,
        null,
        1,
        null,
        null,
        null,
        1,
        1,
        1,
        null,
        null,
        1,
        4,
        4,
        4,
        1,
        null,
        null,
        1,
        8,
        null,
        null
      ],
      "/Users/vgsantoniazzi/Rails/yuph/spec/controllers/session_controller_spec.rb": [
        1,
        null,
        1,
        1,
        1,
        1,
        1,
        1,
        null,
        1,
        1,
        1,
        1,
        1,
        1,
        null,
        1,
        1,
        1,
        1,
        null,
        1,
        1,
        2,
        2,
        2,
        2,
        null,
        1,
        1,
        1,
        null,
        1,
        1,
        1,
        1,
        1,
        null,
        null,
        null,
        null
      ],
      "/Users/vgsantoniazzi/Rails/yuph/app/controllers/session_controller.rb": [
        1,
        1,
        1,
        null,
        1,
        4,
        4,
        3,
        3,
        null,
        1,
        1,
        null,
        null,
        1,
        2,
        null,
        null
      ],
      "/Users/vgsantoniazzi/Rails/yuph/spec/controllers/user_comments_controller_spec.rb": [
        1,
        null,
        1,
        1,
        1,
        8,
        8,
        8,
        null,
        1,
        1,
        1,
        1,
        null,
        1,
        1,
        1,
        1,
        null,
        null,
        1,
        1,
        1,
        1,
        null,
        null,
        1,
        1,
        1,
        null,
        null,
        1,
        1,
        1,
        1,
        1,
        1,
        1,
        null,
        1,
        1,
        1,
        1,
        1,
        null,
        null,
        1,
        1,
        1,
        1,
        1,
        1,
        null,
        null,
        null,
        1,
        1,
        1,
        1,
        1,
        1,
        1,
        1,
        null,
        null,
        null,
        null,
        null
      ],
      "/Users/vgsantoniazzi/Rails/yuph/app/controllers/user_comments_controller.rb": [
        1,
        1,
        1,
        null,
        null,
        1,
        7,
        7,
        7,
        6,
        null,
        1,
        null,
        null,
        null,
        1,
        1,
        null,
        null,
        1,
        1,
        null,
        null,
        1,
        null,
        null,
        1,
        2,
        1,
        null,
        1,
        null,
        null,
        null,
        1,
        1,
        1,
        null,
        null,
        1,
        4,
        4,
        4,
        1,
        null,
        null,
        1,
        9,
        null,
        null
      ],
      "/Users/vgsantoniazzi/Rails/yuph/spec/controllers/users_controller_spec.rb": [
        1,
        null,
        1,
        1,
        1,
        1,
        1,
        null,
        null,
        1,
        1,
        1,
        null,
        null,
        1,
        1,
        6,
        6,
        null,
        1,
        1,
        1,
        1,
        null,
        1,
        1,
        1,
        1,
        null,
        null,
        1,
        1,
        1,
        1,
        1,
        1,
        null,
        1,
        1,
        1,
        1,
        null,
        null,
        1,
        1,
        1,
        1,
        null,
        null,
        null,
        1,
        1,
        1,
        1,
        1,
        1,
        null,
        null,
        null,
        null,
        null,
        null
      ],
      "/Users/vgsantoniazzi/Rails/yuph/app/controllers/users_controller.rb": [
        1,
        1,
        1,
        1,
        null,
        1,
        3,
        3,
        2,
        2,
        null,
        1,
        null,
        null,
        null,
        1,
        null,
        null,
        1,
        1,
        null,
        null,
        1,
        null,
        null,
        1,
        2,
        1,
        null,
        1,
        null,
        null,
        null,
        1,
        1,
        1,
        1,
        null,
        null,
        1,
        5,
        5,
        5,
        1,
        null,
        null,
        null,
        1,
        3,
        null,
        null,
        1,
        2,
        null,
        null
      ],
      "/Users/vgsantoniazzi/Rails/yuph/app/models/idea.rb": [
        1,
        1,
        1,
        1,
        1,
        1,
        null,
        1,
        null,
        1,
        1,
        1,
        1,
        null,
        1,
        10,
        8,
        null,
        2,
        null,
        null,
        null
      ],
      "/Users/vgsantoniazzi/Rails/yuph/app/models/idea_admin.rb": [
        1,
        1,
        1,
        null,
        1,
        1,
        null
      ],
      "/Users/vgsantoniazzi/Rails/yuph/app/models/forum.rb": [
        1,
        1,
        1,
        null,
        1,
        null,
        1,
        13,
        11,
        null,
        2,
        null,
        null,
        null
      ],
      "/Users/vgsantoniazzi/Rails/yuph/app/models/category.rb": [
        1,
        1,
        1,
        null,
        1,
        1,
        1,
        null,
        1,
        4,
        3,
        null,
        1,
        null,
        null,
        null
      ],
      "/Users/vgsantoniazzi/Rails/yuph/app/models/follow.rb": [
        1,
        1,
        1,
        null,
        1,
        1,
        null
      ],
      "/Users/vgsantoniazzi/Rails/yuph/app/models/idea_comment.rb": [
        1,
        1,
        1,
        null,
        1,
        1,
        1,
        1,
        null,
        1,
        4,
        3,
        null,
        1,
        null,
        null,
        null
      ],
      "/Users/vgsantoniazzi/Rails/yuph/app/models/message.rb": [
        1,
        1,
        1,
        null,
        1,
        1,
        1,
        1,
        null,
        1,
        4,
        3,
        null,
        1,
        null,
        null,
        null
      ],
      "/Users/vgsantoniazzi/Rails/yuph/app/models/user_comment.rb": [
        1,
        1,
        1,
        null,
        1,
        1,
        1,
        1,
        null,
        1,
        4,
        3,
        null,
        1,
        null,
        null,
        null
      ]
    },
    "timestamp": 1378151695
  }
}
